
> web@0.1.0 dev /app/apps/web
> next dev

   ▲ Next.js 14.1.0
   - Local:        http://localhost:3000
   - Environments: .env

Attention: Next.js now collects completely anonymous telemetry regarding usage.
This information is used to shape Next.js' roadmap and prioritize features.
You can learn more, including how to opt-out if you'd not like to participate in this anonymous program, by visiting the following URL:
https://nextjs.org/telemetry

 ✓ Ready in 2.1s
 ○ Compiling /not-found ...
 ✓ Compiled /not-found in 9.2s (617 modules)
 ✓ Compiled in 682ms (268 modules)
 ○ Compiling /login ...
 ✓ Compiled /login in 643ms (599 modules)
 ○ Compiling /src/middleware ...
 ✓ Compiled /src/middleware in 653ms (131 modules)
 ○ Compiling /admin ...
 ✓ Compiled /admin in 4.1s (1961 modules)
 ○ Compiling /admin/sessions ...
 ✓ Compiled /admin/sessions in 956ms (1988 modules)
 ○ Compiling /admin/sessions/archives ...
 ✓ Compiled /admin/sessions/archives in 946ms (2035 modules)
 ○ Compiling /trainer ...
 ✓ Compiled /trainer in 1166ms (2057 modules)
 ○ Compiling /trainer/missions/[id] ...
 ✓ Compiled /trainer/missions/[id] in 1128ms (2116 modules)
 ○ Compiling /admin/sessions/[id] ...
 ✓ Compiled /admin/sessions/[id] in 2.4s (2237 modules)
 ELIFECYCLE  Command failed.
[?25h
