
> api@0.0.1 start:dev
> nest start --watch

[2J[3J[H[[90m8:27:08 PM[0m] Starting compilation in watch mode...

[[90m8:27:11 PM[0m] Found 0 errors. Watching for file changes.

[dotenv@17.3.1] injecting env (9) from .env -- tip: 🛠️  run anywhere with `dotenvx run -- yourcommand`
[32m[Nest] 4833  - [39m02/21/2026, 8:27:12 PM [32m    LOG[39m [38;5;3m[NestFactory] [39m[32mStarting Nest application...[39m
[32m[Nest] 4833  - [39m02/21/2026, 8:27:12 PM [32m    LOG[39m [38;5;3m[InstanceLoader] [39m[32mPrismaModule dependencies initialized[39m[38;5;3m +35ms[39m
[32m[Nest] 4833  - [39m02/21/2026, 8:27:12 PM [32m    LOG[39m [38;5;3m[InstanceLoader] [39m[32mPassportModule dependencies initialized[39m[38;5;3m +0ms[39m
[32m[Nest] 4833  - [39m02/21/2026, 8:27:12 PM [32m    LOG[39m [38;5;3m[InstanceLoader] [39m[32mEmailModule dependencies initialized[39m[38;5;3m +0ms[39m
[32m[Nest] 4833  - [39m02/21/2026, 8:27:12 PM [32m    LOG[39m [38;5;3m[InstanceLoader] [39m[32mJwtModule dependencies initialized[39m[38;5;3m +1ms[39m
[32m[Nest] 4833  - [39m02/21/2026, 8:27:12 PM [32m    LOG[39m [38;5;3m[InstanceLoader] [39m[32mAppModule dependencies initialized[39m[38;5;3m +1ms[39m
[32m[Nest] 4833  - [39m02/21/2026, 8:27:12 PM [32m    LOG[39m [38;5;3m[InstanceLoader] [39m[32mCompanyModule dependencies initialized[39m[38;5;3m +1ms[39m
[32m[Nest] 4833  - [39m02/21/2026, 8:27:12 PM [32m    LOG[39m [38;5;3m[InstanceLoader] [39m[32mDiscoveryModule dependencies initialized[39m[38;5;3m +0ms[39m
[32m[Nest] 4833  - [39m02/21/2026, 8:27:12 PM [32m    LOG[39m [38;5;3m[InstanceLoader] [39m[32mCalendarModule dependencies initialized[39m[38;5;3m +2ms[39m
[32m[Nest] 4833  - [39m02/21/2026, 8:27:12 PM [32m    LOG[39m [38;5;3m[InstanceLoader] [39m[32mDispatcherModule dependencies initialized[39m[38;5;3m +0ms[39m
[32m[Nest] 4833  - [39m02/21/2026, 8:27:12 PM [32m    LOG[39m [38;5;3m[InstanceLoader] [39m[32mZonesModule dependencies initialized[39m[38;5;3m +0ms[39m
[32m[Nest] 4833  - [39m02/21/2026, 8:27:12 PM [32m    LOG[39m [38;5;3m[InstanceLoader] [39m[32mScheduleModule dependencies initialized[39m[38;5;3m +0ms[39m
[32m[Nest] 4833  - [39m02/21/2026, 8:27:12 PM [32m    LOG[39m [38;5;3m[InstanceLoader] [39m[32mNotificationsModule dependencies initialized[39m[38;5;3m +1ms[39m
[32m[Nest] 4833  - [39m02/21/2026, 8:27:12 PM [32m    LOG[39m [38;5;3m[InstanceLoader] [39m[32mCheckoutModule dependencies initialized[39m[38;5;3m +1ms[39m
[32m[Nest] 4833  - [39m02/21/2026, 8:27:12 PM [32m    LOG[39m [38;5;3m[InstanceLoader] [39m[32mFormationsModule dependencies initialized[39m[38;5;3m +0ms[39m
[32m[Nest] 4833  - [39m02/21/2026, 8:27:12 PM [32m    LOG[39m [38;5;3m[InstanceLoader] [39m[32mCategoriesModule dependencies initialized[39m[38;5;3m +0ms[39m
[32m[Nest] 4833  - [39m02/21/2026, 8:27:12 PM [32m    LOG[39m [38;5;3m[InstanceLoader] [39m[32mClientsModule dependencies initialized[39m[38;5;3m +0ms[39m
[32m[Nest] 4833  - [39m02/21/2026, 8:27:12 PM [32m    LOG[39m [38;5;3m[InstanceLoader] [39m[32mFilesModule dependencies initialized[39m[38;5;3m +0ms[39m
[32m[Nest] 4833  - [39m02/21/2026, 8:27:12 PM [32m    LOG[39m [38;5;3m[InstanceLoader] [39m[32mConfigurationsModule dependencies initialized[39m[38;5;3m +0ms[39m
[32m[Nest] 4833  - [39m02/21/2026, 8:27:12 PM [32m    LOG[39m [38;5;3m[InstanceLoader] [39m[32mSessionsModule dependencies initialized[39m[38;5;3m +0ms[39m
[32m[Nest] 4833  - [39m02/21/2026, 8:27:12 PM [32m    LOG[39m [38;5;3m[InstanceLoader] [39m[32mAuthModule dependencies initialized[39m[38;5;3m +0ms[39m
[32m[Nest] 4833  - [39m02/21/2026, 8:27:12 PM [32m    LOG[39m [38;5;3m[InstanceLoader] [39m[32mTrainersModule dependencies initialized[39m[38;5;3m +0ms[39m
[32m[Nest] 4833  - [39m02/21/2026, 8:27:12 PM [32m    LOG[39m [38;5;3m[RoutesResolver] [39m[32mAppController {/}:[39m[38;5;3m +7ms[39m
[32m[Nest] 4833  - [39m02/21/2026, 8:27:12 PM [32m    LOG[39m [38;5;3m[RouterExplorer] [39m[32mMapped {/, GET} route[39m[38;5;3m +3ms[39m
[32m[Nest] 4833  - [39m02/21/2026, 8:27:12 PM [32m    LOG[39m [38;5;3m[RoutesResolver] [39m[32mDispatcherController {/dispatcher}:[39m[38;5;3m +0ms[39m
[32m[Nest] 4833  - [39m02/21/2026, 8:27:12 PM [32m    LOG[39m [38;5;3m[RouterExplorer] [39m[32mMapped {/dispatcher/trainers, GET} route[39m[38;5;3m +1ms[39m
[32m[Nest] 4833  - [39m02/21/2026, 8:27:12 PM [32m    LOG[39m [38;5;3m[RoutesResolver] [39m[32mZonesController {/zones}:[39m[38;5;3m +0ms[39m
[32m[Nest] 4833  - [39m02/21/2026, 8:27:12 PM [32m    LOG[39m [38;5;3m[RouterExplorer] [39m[32mMapped {/zones, GET} route[39m[38;5;3m +0ms[39m
[32m[Nest] 4833  - [39m02/21/2026, 8:27:12 PM [32m    LOG[39m [38;5;3m[RoutesResolver] [39m[32mFormationsController {/formations}:[39m[38;5;3m +0ms[39m
[32m[Nest] 4833  - [39m02/21/2026, 8:27:12 PM [32m    LOG[39m [38;5;3m[RouterExplorer] [39m[32mMapped {/formations, GET} route[39m[38;5;3m +1ms[39m
[32m[Nest] 4833  - [39m02/21/2026, 8:27:12 PM [32m    LOG[39m [38;5;3m[RouterExplorer] [39m[32mMapped {/formations/:id, GET} route[39m[38;5;3m +0ms[39m
[32m[Nest] 4833  - [39m02/21/2026, 8:27:12 PM [32m    LOG[39m [38;5;3m[RoutesResolver] [39m[32mAdminFormationsController {/admin/formations}:[39m[38;5;3m +0ms[39m
[32m[Nest] 4833  - [39m02/21/2026, 8:27:12 PM [32m    LOG[39m [38;5;3m[RouterExplorer] [39m[32mMapped {/admin/formations, GET} route[39m[38;5;3m +1ms[39m
[32m[Nest] 4833  - [39m02/21/2026, 8:27:12 PM [32m    LOG[39m [38;5;3m[RouterExplorer] [39m[32mMapped {/admin/formations, POST} route[39m[38;5;3m +0ms[39m
[32m[Nest] 4833  - [39m02/21/2026, 8:27:12 PM [32m    LOG[39m [38;5;3m[RouterExplorer] [39m[32mMapped {/admin/formations/:id, PATCH} route[39m[38;5;3m +1ms[39m
[32m[Nest] 4833  - [39m02/21/2026, 8:27:12 PM [32m    LOG[39m [38;5;3m[RouterExplorer] [39m[32mMapped {/admin/formations/:id, DELETE} route[39m[38;5;3m +0ms[39m
[32m[Nest] 4833  - [39m02/21/2026, 8:27:12 PM [32m    LOG[39m [38;5;3m[RoutesResolver] [39m[32mCategoriesController {/categories}:[39m[38;5;3m +0ms[39m
[32m[Nest] 4833  - [39m02/21/2026, 8:27:12 PM [32m    LOG[39m [38;5;3m[RouterExplorer] [39m[32mMapped {/categories, GET} route[39m[38;5;3m +1ms[39m
[32m[Nest] 4833  - [39m02/21/2026, 8:27:12 PM [32m    LOG[39m [38;5;3m[RouterExplorer] [39m[32mMapped {/categories, POST} route[39m[38;5;3m +0ms[39m
[32m[Nest] 4833  - [39m02/21/2026, 8:27:12 PM [32m    LOG[39m [38;5;3m[RouterExplorer] [39m[32mMapped {/categories/:id, PATCH} route[39m[38;5;3m +0ms[39m
[32m[Nest] 4833  - [39m02/21/2026, 8:27:12 PM [32m    LOG[39m [38;5;3m[RouterExplorer] [39m[32mMapped {/categories/:id, DELETE} route[39m[38;5;3m +0ms[39m
[32m[Nest] 4833  - [39m02/21/2026, 8:27:12 PM [32m    LOG[39m [38;5;3m[RoutesResolver] [39m[32mClientsController {/clients}:[39m[38;5;3m +1ms[39m
[32m[Nest] 4833  - [39m02/21/2026, 8:27:12 PM [32m    LOG[39m [38;5;3m[RouterExplorer] [39m[32mMapped {/clients, GET} route[39m[38;5;3m +0ms[39m
[32m[Nest] 4833  - [39m02/21/2026, 8:27:12 PM [32m    LOG[39m [38;5;3m[RouterExplorer] [39m[32mMapped {/clients/me, POST} route[39m[38;5;3m +0ms[39m
[32m[Nest] 4833  - [39m02/21/2026, 8:27:12 PM [32m    LOG[39m [38;5;3m[RouterExplorer] [39m[32mMapped {/clients/me, GET} route[39m[38;5;3m +0ms[39m
[32m[Nest] 4833  - [39m02/21/2026, 8:27:12 PM [32m    LOG[39m [38;5;3m[RouterExplorer] [39m[32mMapped {/clients/me, PATCH} route[39m[38;5;3m +0ms[39m
[32m[Nest] 4833  - [39m02/21/2026, 8:27:12 PM [32m    LOG[39m [38;5;3m[RouterExplorer] [39m[32mMapped {/clients/:id, GET} route[39m[38;5;3m +1ms[39m
[32m[Nest] 4833  - [39m02/21/2026, 8:27:12 PM [32m    LOG[39m [38;5;3m[RouterExplorer] [39m[32mMapped {/clients/:id, PATCH} route[39m[38;5;3m +0ms[39m
[32m[Nest] 4833  - [39m02/21/2026, 8:27:12 PM [32m    LOG[39m [38;5;3m[RoutesResolver] [39m[32mTrainersController {/trainers}:[39m[38;5;3m +0ms[39m
[32m[Nest] 4833  - [39m02/21/2026, 8:27:12 PM [32m    LOG[39m [38;5;3m[RouterExplorer] [39m[32mMapped {/trainers/:id/availability, GET} route[39m[38;5;3m +0ms[39m
[32m[Nest] 4833  - [39m02/21/2026, 8:27:12 PM [32m    LOG[39m [38;5;3m[RouterExplorer] [39m[32mMapped {/trainers/:id/missions, GET} route[39m[38;5;3m +0ms[39m
[32m[Nest] 4833  - [39m02/21/2026, 8:27:12 PM [32m    LOG[39m [38;5;3m[RouterExplorer] [39m[32mMapped {/trainers/:id/public, GET} route[39m[38;5;3m +0ms[39m
[32m[Nest] 4833  - [39m02/21/2026, 8:27:12 PM [32m    LOG[39m [38;5;3m[RouterExplorer] [39m[32mMapped {/trainers/:id, GET} route[39m[38;5;3m +1ms[39m
[32m[Nest] 4833  - [39m02/21/2026, 8:27:12 PM [32m    LOG[39m [38;5;3m[RouterExplorer] [39m[32mMapped {/trainers/:id, PATCH} route[39m[38;5;3m +0ms[39m
[32m[Nest] 4833  - [39m02/21/2026, 8:27:12 PM [32m    LOG[39m [38;5;3m[RouterExplorer] [39m[32mMapped {/trainers/:id/avatar, POST} route[39m[38;5;3m +0ms[39m
[32m[Nest] 4833  - [39m02/21/2026, 8:27:12 PM [32m    LOG[39m [38;5;3m[RouterExplorer] [39m[32mMapped {/trainers/:id/calendar-url, GET} route[39m[38;5;3m +0ms[39m
[32m[Nest] 4833  - [39m02/21/2026, 8:27:12 PM [32m    LOG[39m [38;5;3m[RoutesResolver] [39m[32mAdminTrainersController {/admin/trainers}:[39m[38;5;3m +0ms[39m
[32m[Nest] 4833  - [39m02/21/2026, 8:27:12 PM [32m    LOG[39m [38;5;3m[RouterExplorer] [39m[32mMapped {/admin/trainers, GET} route[39m[38;5;3m +1ms[39m
[32m[Nest] 4833  - [39m02/21/2026, 8:27:12 PM [32m    LOG[39m [38;5;3m[RouterExplorer] [39m[32mMapped {/admin/trainers/:id, GET} route[39m[38;5;3m +0ms[39m
[32m[Nest] 4833  - [39m02/21/2026, 8:27:12 PM [32m    LOG[39m [38;5;3m[RouterExplorer] [39m[32mMapped {/admin/trainers, POST} route[39m[38;5;3m +0ms[39m
[32m[Nest] 4833  - [39m02/21/2026, 8:27:12 PM [32m    LOG[39m [38;5;3m[RouterExplorer] [39m[32mMapped {/admin/trainers/:id, PATCH} route[39m[38;5;3m +0ms[39m
[32m[Nest] 4833  - [39m02/21/2026, 8:27:12 PM [32m    LOG[39m [38;5;3m[RouterExplorer] [39m[32mMapped {/admin/trainers/:id, DELETE} route[39m[38;5;3m +1ms[39m
[32m[Nest] 4833  - [39m02/21/2026, 8:27:12 PM [32m    LOG[39m [38;5;3m[RoutesResolver] [39m[32mAuthController {/auth}:[39m[38;5;3m +0ms[39m
[32m[Nest] 4833  - [39m02/21/2026, 8:27:12 PM [32m    LOG[39m [38;5;3m[RouterExplorer] [39m[32mMapped {/auth/forgot-password, POST} route[39m[38;5;3m +0ms[39m
[32m[Nest] 4833  - [39m02/21/2026, 8:27:12 PM [32m    LOG[39m [38;5;3m[RouterExplorer] [39m[32mMapped {/auth/reset-password, POST} route[39m[38;5;3m +0ms[39m
[32m[Nest] 4833  - [39m02/21/2026, 8:27:12 PM [32m    LOG[39m [38;5;3m[RouterExplorer] [39m[32mMapped {/auth/register, POST} route[39m[38;5;3m +0ms[39m
[32m[Nest] 4833  - [39m02/21/2026, 8:27:12 PM [32m    LOG[39m [38;5;3m[RouterExplorer] [39m[32mMapped {/auth/login, POST} route[39m[38;5;3m +0ms[39m
[32m[Nest] 4833  - [39m02/21/2026, 8:27:12 PM [32m    LOG[39m [38;5;3m[RouterExplorer] [39m[32mMapped {/auth/logout, POST} route[39m[38;5;3m +1ms[39m
[32m[Nest] 4833  - [39m02/21/2026, 8:27:12 PM [32m    LOG[39m [38;5;3m[RouterExplorer] [39m[32mMapped {/auth/change-password, POST} route[39m[38;5;3m +0ms[39m
[32m[Nest] 4833  - [39m02/21/2026, 8:27:12 PM [32m    LOG[39m [38;5;3m[RouterExplorer] [39m[32mMapped {/auth/me, GET} route[39m[38;5;3m +0ms[39m
[32m[Nest] 4833  - [39m02/21/2026, 8:27:12 PM [32m    LOG[39m [38;5;3m[RoutesResolver] [39m[32mCompanyController {/company}:[39m[38;5;3m +0ms[39m
[32m[Nest] 4833  - [39m02/21/2026, 8:27:12 PM [32m    LOG[39m [38;5;3m[RouterExplorer] [39m[32mMapped {/company/check-vat/:vatNumber, GET} route[39m[38;5;3m +0ms[39m
[32m[Nest] 4833  - [39m02/21/2026, 8:27:12 PM [32m    LOG[39m [38;5;3m[RoutesResolver] [39m[32mCheckoutController {/checkout}:[39m[38;5;3m +0ms[39m
[32m[Nest] 4833  - [39m02/21/2026, 8:27:12 PM [32m    LOG[39m [38;5;3m[RouterExplorer] [39m[32mMapped {/checkout, POST} route[39m[38;5;3m +0ms[39m
[32m[Nest] 4833  - [39m02/21/2026, 8:27:12 PM [32m    LOG[39m [38;5;3m[RoutesResolver] [39m[32mSessionsController {/sessions}:[39m[38;5;3m +0ms[39m
[32m[Nest] 4833  - [39m02/21/2026, 8:27:12 PM [32m    LOG[39m [38;5;3m[RouterExplorer] [39m[32mMapped {/sessions/me, GET} route[39m[38;5;3m +1ms[39m
[32m[Nest] 4833  - [39m02/21/2026, 8:27:12 PM [32m    LOG[39m [38;5;3m[RouterExplorer] [39m[32mMapped {/sessions/admin/stats, GET} route[39m[38;5;3m +0ms[39m
[32m[Nest] 4833  - [39m02/21/2026, 8:27:12 PM [32m    LOG[39m [38;5;3m[RouterExplorer] [39m[32mMapped {/sessions/:id, GET} route[39m[38;5;3m +0ms[39m
[32m[Nest] 4833  - [39m02/21/2026, 8:27:12 PM [32m    LOG[39m [38;5;3m[RouterExplorer] [39m[32mMapped {/sessions, GET} route[39m[38;5;3m +0ms[39m
[32m[Nest] 4833  - [39m02/21/2026, 8:27:12 PM [32m    LOG[39m [38;5;3m[RouterExplorer] [39m[32mMapped {/sessions/:id/proof, POST} route[39m[38;5;3m +0ms[39m
[32m[Nest] 4833  - [39m02/21/2026, 8:27:12 PM [32m    LOG[39m [38;5;3m[RouterExplorer] [39m[32mMapped {/sessions/:id, PATCH} route[39m[38;5;3m +0ms[39m
[32m[Nest] 4833  - [39m02/21/2026, 8:27:12 PM [32m    LOG[39m [38;5;3m[RouterExplorer] [39m[32mMapped {/sessions/:id/admin-update, PATCH} route[39m[38;5;3m +1ms[39m
[32m[Nest] 4833  - [39m02/21/2026, 8:27:12 PM [32m    LOG[39m [38;5;3m[RouterExplorer] [39m[32mMapped {/sessions/:id/offer, PATCH} route[39m[38;5;3m +0ms[39m
[32m[Nest] 4833  - [39m02/21/2026, 8:27:12 PM [32m    LOG[39m [38;5;3m[RouterExplorer] [39m[32mMapped {/sessions/:id/accept, PATCH} route[39m[38;5;3m +0ms[39m
[32m[Nest] 4833  - [39m02/21/2026, 8:27:12 PM [32m    LOG[39m [38;5;3m[RouterExplorer] [39m[32mMapped {/sessions/:id/billing-preview, GET} route[39m[38;5;3m +0ms[39m
[32m[Nest] 4833  - [39m02/21/2026, 8:27:12 PM [32m    LOG[39m [38;5;3m[RouterExplorer] [39m[32mMapped {/sessions/:id/bill, POST} route[39m[38;5;3m +0ms[39m
[32m[Nest] 4833  - [39m02/21/2026, 8:27:12 PM [32m    LOG[39m [38;5;3m[RoutesResolver] [39m[32mFilesController {/files}:[39m[38;5;3m +0ms[39m
[32m[Nest] 4833  - [39m02/21/2026, 8:27:12 PM [32m    LOG[39m [38;5;3m[RouterExplorer] [39m[32mMapped {/files/public/:filename, GET} route[39m[38;5;3m +0ms[39m
[32m[Nest] 4833  - [39m02/21/2026, 8:27:12 PM [32m    LOG[39m [38;5;3m[RouterExplorer] [39m[32mMapped {/files/:type/:filename, GET} route[39m[38;5;3m +1ms[39m
[32m[Nest] 4833  - [39m02/21/2026, 8:27:12 PM [32m    LOG[39m [38;5;3m[RoutesResolver] [39m[32mCalendarController {/calendars}:[39m[38;5;3m +0ms[39m
[32m[Nest] 4833  - [39m02/21/2026, 8:27:12 PM [32m    LOG[39m [38;5;3m[RouterExplorer] [39m[32mMapped {/calendars/:token/events.ics, GET} route[39m[38;5;3m +0ms[39m
[32m[Nest] 4833  - [39m02/21/2026, 8:27:12 PM [32m    LOG[39m [38;5;3m[RoutesResolver] [39m[32mConfigurationsController {/configurations}:[39m[38;5;3m +0ms[39m
[32m[Nest] 4833  - [39m02/21/2026, 8:27:12 PM [32m    LOG[39m [38;5;3m[RouterExplorer] [39m[32mMapped {/configurations/:key, GET} route[39m[38;5;3m +0ms[39m
[32m[Nest] 4833  - [39m02/21/2026, 8:27:12 PM [32m    LOG[39m [38;5;3m[RouterExplorer] [39m[32mMapped {/configurations/:key, PUT} route[39m[38;5;3m +0ms[39m
[32m[Nest] 4833  - [39m02/21/2026, 8:27:12 PM [32m    LOG[39m [38;5;3m[RouterExplorer] [39m[32mMapped {/configurations/upload, POST} route[39m[38;5;3m +1ms[39m
[32m[Nest] 4833  - [39m02/21/2026, 8:27:12 PM [32m    LOG[39m [38;5;3m[NestApplication] [39m[32mNest application successfully started[39m[38;5;3m +36ms[39m
[31m[Nest] 4833  - [39m02/21/2026, 8:27:12 PM [31m  ERROR[39m [38;5;3m[NestApplication] [39m[31mError: listen EADDRINUSE: address already in use :::3001[39m[38;5;3m +2ms[39m
node:net:1940
    const ex = new UVExceptionWithHostPort(err, 'listen', address, port);
               ^

Error: listen EADDRINUSE: address already in use :::3001
    at Server.setupListenHandle [as _listen2] (node:net:1940:16)
    at listenInCluster (node:net:1997:12)
    at Server.listen (node:net:2102:7)
    at ExpressAdapter.listen (/app/node_modules/.pnpm/@nestjs+platform-express@10.4.22_@nestjs+common@10.4.22_class-transformer@0.5.1_class-validat_avenbwtzzfqcphqx6b7dwvqvy4/node_modules/@nestjs/platform-express/adapters/express-adapter.js:95:32)
    at /app/node_modules/.pnpm/@nestjs+core@10.4.22_@nestjs+common@10.4.22_class-transformer@0.5.1_class-validator@0.14.3_re_trbwzvlqco7r3sozx4i6miug5i/node_modules/@nestjs/core/nest-application.js:183:30
    at new Promise (<anonymous>)
    at NestApplication.listen (/app/node_modules/.pnpm/@nestjs+core@10.4.22_@nestjs+common@10.4.22_class-transformer@0.5.1_class-validator@0.14.3_re_trbwzvlqco7r3sozx4i6miug5i/node_modules/@nestjs/core/nest-application.js:173:16)
    at async bootstrap (/app/apps/api/src/main.ts:34:3) {
  code: 'EADDRINUSE',
  errno: -98,
  syscall: 'listen',
  address: '::',
  port: 3001
}

Node.js v22.22.0
