
> web@0.1.0 dev /app/apps/web
> next dev

   ▲ Next.js 14.1.0
   - Local:        http://localhost:3000
   - Environments: .env

npm warn Unknown env config "recursive". This will stop working in the next major version of npm.
 ✓ Ready in 2.1s
 ○ Compiling /login ...
 ✓ Compiled /login in 8.7s (609 modules)
 ✓ Compiled in 1082ms (270 modules)
 ○ Compiling /src/middleware ...
 ✓ Compiled /src/middleware in 769ms (131 modules)
 ○ Compiling /admin ...
 ✓ Compiled /admin/sessions in 5.2s (1980 modules)
 ○ Compiling /admin/sessions/[id] ...
 ✓ Compiled /admin/sessions/[id] in 2.2s (2119 modules)
 ○ Compiling /not-found ...
 ✓ Compiled /not-found in 1379ms (2123 modules)
 ○ Compiling /trainer ...
 ✓ Compiled /trainer in 904ms (2142 modules)
 ○ Compiling /trainer/missions/[id] ...
 ✓ Compiled /trainer/missions/[id] in 2.9s (2187 modules)
