
> api@0.0.1 start /app/apps/api
> nest start

[32m[Nest] 4299  - [39m01/20/2026, 9:42:44 AM [32m    LOG[39m [38;5;3m[NestFactory] [39m[32mStarting Nest application...[39m
[32m[Nest] 4299  - [39m01/20/2026, 9:42:44 AM [32m    LOG[39m [38;5;3m[InstanceLoader] [39m[32mPrismaModule dependencies initialized[39m[38;5;3m +23ms[39m
[32m[Nest] 4299  - [39m01/20/2026, 9:42:44 AM [32m    LOG[39m [38;5;3m[InstanceLoader] [39m[32mPassportModule dependencies initialized[39m[38;5;3m +0ms[39m
[32m[Nest] 4299  - [39m01/20/2026, 9:42:44 AM [32m    LOG[39m [38;5;3m[InstanceLoader] [39m[32mJwtModule dependencies initialized[39m[38;5;3m +1ms[39m
[32m[Nest] 4299  - [39m01/20/2026, 9:42:44 AM [32m    LOG[39m [38;5;3m[InstanceLoader] [39m[32mAppModule dependencies initialized[39m[38;5;3m +0ms[39m
[32m[Nest] 4299  - [39m01/20/2026, 9:42:44 AM [32m    LOG[39m [38;5;3m[InstanceLoader] [39m[32mCompanyModule dependencies initialized[39m[38;5;3m +1ms[39m
[32m[Nest] 4299  - [39m01/20/2026, 9:42:44 AM [32m    LOG[39m [38;5;3m[InstanceLoader] [39m[32mFormationsModule dependencies initialized[39m[38;5;3m +1ms[39m
[32m[Nest] 4299  - [39m01/20/2026, 9:42:44 AM [32m    LOG[39m [38;5;3m[InstanceLoader] [39m[32mCategoriesModule dependencies initialized[39m[38;5;3m +0ms[39m
[32m[Nest] 4299  - [39m01/20/2026, 9:42:44 AM [32m    LOG[39m [38;5;3m[InstanceLoader] [39m[32mDispatcherModule dependencies initialized[39m[38;5;3m +1ms[39m
[32m[Nest] 4299  - [39m01/20/2026, 9:42:44 AM [32m    LOG[39m [38;5;3m[InstanceLoader] [39m[32mZonesModule dependencies initialized[39m[38;5;3m +0ms[39m
[32m[Nest] 4299  - [39m01/20/2026, 9:42:44 AM [32m    LOG[39m [38;5;3m[InstanceLoader] [39m[32mCheckoutModule dependencies initialized[39m[38;5;3m +1ms[39m
[32m[Nest] 4299  - [39m01/20/2026, 9:42:44 AM [32m    LOG[39m [38;5;3m[InstanceLoader] [39m[32mSessionsModule dependencies initialized[39m[38;5;3m +0ms[39m
[32m[Nest] 4299  - [39m01/20/2026, 9:42:44 AM [32m    LOG[39m [38;5;3m[InstanceLoader] [39m[32mFilesModule dependencies initialized[39m[38;5;3m +0ms[39m
[32m[Nest] 4299  - [39m01/20/2026, 9:42:44 AM [32m    LOG[39m [38;5;3m[InstanceLoader] [39m[32mAuthModule dependencies initialized[39m[38;5;3m +0ms[39m
[32m[Nest] 4299  - [39m01/20/2026, 9:42:44 AM [32m    LOG[39m [38;5;3m[InstanceLoader] [39m[32mTrainersModule dependencies initialized[39m[38;5;3m +0ms[39m
[32m[Nest] 4299  - [39m01/20/2026, 9:42:44 AM [32m    LOG[39m [38;5;3m[RoutesResolver] [39m[32mAppController {/}:[39m[38;5;3m +6ms[39m
[32m[Nest] 4299  - [39m01/20/2026, 9:42:44 AM [32m    LOG[39m [38;5;3m[RouterExplorer] [39m[32mMapped {/, GET} route[39m[38;5;3m +3ms[39m
[32m[Nest] 4299  - [39m01/20/2026, 9:42:44 AM [32m    LOG[39m [38;5;3m[RoutesResolver] [39m[32mDispatcherController {/dispatcher}:[39m[38;5;3m +0ms[39m
[32m[Nest] 4299  - [39m01/20/2026, 9:42:44 AM [32m    LOG[39m [38;5;3m[RouterExplorer] [39m[32mMapped {/dispatcher/trainers, GET} route[39m[38;5;3m +1ms[39m
[32m[Nest] 4299  - [39m01/20/2026, 9:42:44 AM [32m    LOG[39m [38;5;3m[RoutesResolver] [39m[32mZonesController {/zones}:[39m[38;5;3m +0ms[39m
[32m[Nest] 4299  - [39m01/20/2026, 9:42:44 AM [32m    LOG[39m [38;5;3m[RouterExplorer] [39m[32mMapped {/zones, GET} route[39m[38;5;3m +0ms[39m
[32m[Nest] 4299  - [39m01/20/2026, 9:42:44 AM [32m    LOG[39m [38;5;3m[RoutesResolver] [39m[32mFormationsController {/formations}:[39m[38;5;3m +0ms[39m
[32m[Nest] 4299  - [39m01/20/2026, 9:42:44 AM [32m    LOG[39m [38;5;3m[RouterExplorer] [39m[32mMapped {/formations, GET} route[39m[38;5;3m +1ms[39m
[32m[Nest] 4299  - [39m01/20/2026, 9:42:44 AM [32m    LOG[39m [38;5;3m[RouterExplorer] [39m[32mMapped {/formations/:id, GET} route[39m[38;5;3m +1ms[39m
[32m[Nest] 4299  - [39m01/20/2026, 9:42:44 AM [32m    LOG[39m [38;5;3m[RoutesResolver] [39m[32mCategoriesController {/categories}:[39m[38;5;3m +0ms[39m
[32m[Nest] 4299  - [39m01/20/2026, 9:42:44 AM [32m    LOG[39m [38;5;3m[RouterExplorer] [39m[32mMapped {/categories, GET} route[39m[38;5;3m +0ms[39m
[32m[Nest] 4299  - [39m01/20/2026, 9:42:44 AM [32m    LOG[39m [38;5;3m[RoutesResolver] [39m[32mTrainersController {/trainers}:[39m[38;5;3m +0ms[39m
[32m[Nest] 4299  - [39m01/20/2026, 9:42:44 AM [32m    LOG[39m [38;5;3m[RouterExplorer] [39m[32mMapped {/trainers/:id/availability, GET} route[39m[38;5;3m +1ms[39m
[32m[Nest] 4299  - [39m01/20/2026, 9:42:44 AM [32m    LOG[39m [38;5;3m[RouterExplorer] [39m[32mMapped {/trainers/:id/missions, GET} route[39m[38;5;3m +0ms[39m
[32m[Nest] 4299  - [39m01/20/2026, 9:42:44 AM [32m    LOG[39m [38;5;3m[RouterExplorer] [39m[32mMapped {/trainers/:id, PATCH} route[39m[38;5;3m +1ms[39m
[32m[Nest] 4299  - [39m01/20/2026, 9:42:44 AM [32m    LOG[39m [38;5;3m[RouterExplorer] [39m[32mMapped {/trainers/:id/avatar, POST} route[39m[38;5;3m +1ms[39m
[32m[Nest] 4299  - [39m01/20/2026, 9:42:44 AM [32m    LOG[39m [38;5;3m[RoutesResolver] [39m[32mAdminTrainersController {/admin/trainers}:[39m[38;5;3m +0ms[39m
[32m[Nest] 4299  - [39m01/20/2026, 9:42:44 AM [32m    LOG[39m [38;5;3m[RouterExplorer] [39m[32mMapped {/admin/trainers, GET} route[39m[38;5;3m +0ms[39m
[32m[Nest] 4299  - [39m01/20/2026, 9:42:44 AM [32m    LOG[39m [38;5;3m[RouterExplorer] [39m[32mMapped {/admin/trainers/:id, GET} route[39m[38;5;3m +0ms[39m
[32m[Nest] 4299  - [39m01/20/2026, 9:42:44 AM [32m    LOG[39m [38;5;3m[RouterExplorer] [39m[32mMapped {/admin/trainers, POST} route[39m[38;5;3m +0ms[39m
[32m[Nest] 4299  - [39m01/20/2026, 9:42:44 AM [32m    LOG[39m [38;5;3m[RouterExplorer] [39m[32mMapped {/admin/trainers/:id, PATCH} route[39m[38;5;3m +0ms[39m
[32m[Nest] 4299  - [39m01/20/2026, 9:42:44 AM [32m    LOG[39m [38;5;3m[RouterExplorer] [39m[32mMapped {/admin/trainers/:id, DELETE} route[39m[38;5;3m +0ms[39m
[32m[Nest] 4299  - [39m01/20/2026, 9:42:44 AM [32m    LOG[39m [38;5;3m[RoutesResolver] [39m[32mAuthController {/auth}:[39m[38;5;3m +0ms[39m
[32m[Nest] 4299  - [39m01/20/2026, 9:42:44 AM [32m    LOG[39m [38;5;3m[RouterExplorer] [39m[32mMapped {/auth/login, POST} route[39m[38;5;3m +1ms[39m
[32m[Nest] 4299  - [39m01/20/2026, 9:42:44 AM [32m    LOG[39m [38;5;3m[RouterExplorer] [39m[32mMapped {/auth/logout, POST} route[39m[38;5;3m +0ms[39m
[32m[Nest] 4299  - [39m01/20/2026, 9:42:44 AM [32m    LOG[39m [38;5;3m[RouterExplorer] [39m[32mMapped {/auth/me, GET} route[39m[38;5;3m +0ms[39m
[32m[Nest] 4299  - [39m01/20/2026, 9:42:44 AM [32m    LOG[39m [38;5;3m[RoutesResolver] [39m[32mCompanyController {/company}:[39m[38;5;3m +0ms[39m
[32m[Nest] 4299  - [39m01/20/2026, 9:42:44 AM [32m    LOG[39m [38;5;3m[RouterExplorer] [39m[32mMapped {/company/check-vat/:vatNumber, GET} route[39m[38;5;3m +1ms[39m
[32m[Nest] 4299  - [39m01/20/2026, 9:42:44 AM [32m    LOG[39m [38;5;3m[RoutesResolver] [39m[32mCheckoutController {/checkout}:[39m[38;5;3m +0ms[39m
[32m[Nest] 4299  - [39m01/20/2026, 9:42:44 AM [32m    LOG[39m [38;5;3m[RouterExplorer] [39m[32mMapped {/checkout, POST} route[39m[38;5;3m +0ms[39m
[32m[Nest] 4299  - [39m01/20/2026, 9:42:44 AM [32m    LOG[39m [38;5;3m[RoutesResolver] [39m[32mSessionsController {/sessions}:[39m[38;5;3m +0ms[39m
[32m[Nest] 4299  - [39m01/20/2026, 9:42:44 AM [32m    LOG[39m [38;5;3m[RouterExplorer] [39m[32mMapped {/sessions/:id, GET} route[39m[38;5;3m +0ms[39m
[32m[Nest] 4299  - [39m01/20/2026, 9:42:44 AM [32m    LOG[39m [38;5;3m[RouterExplorer] [39m[32mMapped {/sessions, GET} route[39m[38;5;3m +0ms[39m
[32m[Nest] 4299  - [39m01/20/2026, 9:42:44 AM [32m    LOG[39m [38;5;3m[RouterExplorer] [39m[32mMapped {/sessions/:id/proof, POST} route[39m[38;5;3m +1ms[39m
[32m[Nest] 4299  - [39m01/20/2026, 9:42:44 AM [32m    LOG[39m [38;5;3m[RoutesResolver] [39m[32mFilesController {/files}:[39m[38;5;3m +0ms[39m
[32m[Nest] 4299  - [39m01/20/2026, 9:42:44 AM [32m    LOG[39m [38;5;3m[RouterExplorer] [39m[32mMapped {/files/:type/:filename, GET} route[39m[38;5;3m +0ms[39m
[32m[Nest] 4299  - [39m01/20/2026, 9:42:44 AM [32m    LOG[39m [38;5;3m[NestApplication] [39m[32mNest application successfully started[39m[38;5;3m +19ms[39m
Application is running on: http://[::1]:3001
Terminated
 ELIFECYCLE  Command failed with exit code 143.
